<?xml version="1.0" encoding="UTF-8"?>
<testsuite name="RideRepositoryTest" tests="2" skipped="0" failures="0" errors="0" timestamp="2020-06-01T17:10:00" hostname="MADHU" time="0.015">
  <properties/>
  <testcase name="givenUserId_whenNotFound_shouldReturnThrowException" classname="RideRepositoryTest" time="0.008"/>
  <testcase name="givenUserId_whenFound_shouldReturnRideList" classname="RideRepositoryTest" time="0.0"/>
  <system-out><![CDATA[]]></system-out>
  <system-err><![CDATA[]]></system-err>
</testsuite>
