<?xml version="1.0" encoding="UTF-8"?>
<testsuite name="InvoiceGeneratorTest" tests="5" skipped="0" failures="0" errors="0" timestamp="2020-05-29T17:07:40" hostname="MADHU" time="0.023">
  <properties/>
  <testcase name="givenDistanceAndTime_shouldReturnMinimumFare" classname="InvoiceGeneratorTest" time="0.012"/>
  <testcase name="givenUserIDAndRides_whenFarePremiumProvided_shouldReturnInvoiceSummary" classname="InvoiceGeneratorTest" time="0.003"/>
  <testcase name="givenDistanceAndTime_shouldReturnFare" classname="InvoiceGeneratorTest" time="0.001"/>
  <testcase name="givenUserIDAndRides_shouldReturnInvoiceSummary" classname="InvoiceGeneratorTest" time="0.002"/>
  <testcase name="givenMultiple_shouldReturnInvoiceSummary" classname="InvoiceGeneratorTest" time="0.001"/>
  <system-out><![CDATA[]]></system-out>
  <system-err><![CDATA[]]></system-err>
</testsuite>
